This is pdfTeX, Version 3.14159265-2.6-1.40.18 (TeX Live 2017) (preloaded format=pdflatex 2017.7.26)  23 AUG 2017 15:27
entering extended mode
 restricted \write18 enabled.
 file:line:error style messages enabled.
 %&-line parsing enabled.
**ranking_citations.tex
(./ranking_citations.tex
LaTeX2e <2017-04-15>
Babel <3.10> and hyphenation patterns for 84 language(s) loaded.
(/usr/local/texlive/2017/texmf-dist/tex/latex/base/article.cls
Document Class: article 2014/09/29 v1.4h Standard LaTeX document class
(/usr/local/texlive/2017/texmf-dist/tex/latex/base/size10.clo
File: size10.clo 2014/09/29 v1.4h Standard LaTeX file (size option)
)
\c@part=\count79
\c@section=\count80
\c@subsection=\count81
\c@subsubsection=\count82
\c@paragraph=\count83
\c@subparagraph=\count84
\c@figure=\count85
\c@table=\count86
\abovecaptionskip=\skip41
\belowcaptionskip=\skip42
\bibindent=\dimen102
)
(./ranking_citations.aux)
\openout1 = `ranking_citations.aux'.

LaTeX Font Info:    Checking defaults for OML/cmm/m/it on input line 2.
LaTeX Font Info:    ... okay on input line 2.
LaTeX Font Info:    Checking defaults for T1/cmr/m/n on input line 2.
LaTeX Font Info:    ... okay on input line 2.
LaTeX Font Info:    Checking defaults for OT1/cmr/m/n on input line 2.
LaTeX Font Info:    ... okay on input line 2.
LaTeX Font Info:    Checking defaults for OMS/cmsy/m/n on input line 2.
LaTeX Font Info:    ... okay on input line 2.
LaTeX Font Info:    Checking defaults for OMX/cmex/m/n on input line 2.
LaTeX Font Info:    ... okay on input line 2.
LaTeX Font Info:    Checking defaults for U/cmr/m/n on input line 2.
LaTeX Font Info:    ... okay on input line 2.
LaTeX Font Info:    External font `cmex10' loaded for size
(Font)              <7> on input line 5.
LaTeX Font Info:    External font `cmex10' loaded for size
(Font)              <5> on input line 5.


LaTeX Warning: Citation `02_Cuppens' on page 1 undefined on input line 8.


LaTeX Warning: Citation `02b_Ning' on page 1 undefined on input line 9.


LaTeX Warning: Citation `04_Valeur' on page 1 undefined on input line 10.


LaTeX Warning: Citation `03_Julisch' on page 1 undefined on input line 11.


LaTeX Warning: Citation `02_Eckmann' on page 1 undefined on input line 12.


LaTeX Warning: Citation `01_Cuppens' on page 1 undefined on input line 13.


LaTeX Warning: Citation `04a_Ning' on page 1 undefined on input line 14.


LaTeX Warning: Citation `01a_Dain' on page 1 undefined on input line 15.


LaTeX Warning: Citation `02_Julisch' on page 1 undefined on input line 16.


LaTeX Warning: Citation `03_Cheung' on page 1 undefined on input line 17.


LaTeX Warning: Citation `03_Qin' on page 1 undefined on input line 18.


LaTeX Warning: Citation `03_Morin' on page 1 undefined on input line 19.


LaTeX Warning: Citation `01_Julisch' on page 1 undefined on input line 20.


LaTeX Warning: Citation `02c_Ning' on page 1 undefined on input line 21.


LaTeX Warning: Citation `03b_Ning' on page 1 undefined on input line 22.


LaTeX Warning: Citation `06_Wang' on page 1 undefined on input line 23.


LaTeX Warning: Citation `04_Qin' on page 1 undefined on input line 24.


LaTeX Warning: Citation `04c_Ning' on page 1 undefined on input line 25.


LaTeX Warning: Citation `01_Geib' on page 1 undefined on input line 26.


LaTeX Warning: Citation `04_Noel' on page 1 undefined on input line 27.


Overfull \hbox (471.59872pt too wide) in paragraph at lines 5--29
[][] 
 []

[1

{/usr/local/texlive/2017/texmf-var/fonts/map/pdftex/updmap/pdftex.map}]
(./ranking_citations.aux)

LaTeX Warning: There were undefined references.

 ) 
Here is how much of TeX's memory you used:
 226 strings out of 492995
 2520 string characters out of 6132704
 60074 words of memory out of 5000000
 3864 multiletter control sequences out of 15000+600000
 3948 words of font info for 15 fonts, out of 8000000 for 9000
 1141 hyphenation exceptions out of 8191
 23i,8n,21p,201b,241s stack positions out of 5000i,500n,10000p,200000b,80000s
</usr/local/texlive/2017/texmf-dist/fonts/type1/public/amsfonts/cm/cmbx10.pfb
></usr/local/texlive/2017/texmf-dist/fonts/type1/public/amsfonts/cm/cmr10.pfb>
Output written on ranking_citations.pdf (1 page, 34567 bytes).
PDF statistics:
 16 PDF objects out of 1000 (max. 8388607)
 10 compressed objects within 1 object stream
 0 named destinations out of 1000 (max. 500000)
 1 words of extra memory for PDF output out of 10000 (max. 10000000)

